<?xml version="1.0" encoding="utf-8"?><testsuites name="pytest tests"><testsuite name="pytest" errors="0" failures="0" skipped="1" tests="2" time="4.382" timestamp="2026-08-31T17:50:15.766295+05:30" hostname="L6G94XDQP1"><testcase classname="tests.dev_e2e.test_replication_behavior.TestReplicationBehavior" name="test_pull_empty_database_active_only" time="4.360" /><testcase classname="tests.dev_e2e.test_replication_behavior.TestReplicationBehavior" name="test_pull_resurrected_doc" time="0.002"><skipped type="pytest.skip" message="CBL 1.1.0 not &gt;= 4.2.0">/Users/jayant.dhingra/Desktop/couchbase-lite-tests/client/src/cbltest/api/cbltestclass.py:47: CBL 1.1.0 not &gt;= 4.2.0</skipped></testcase></testsuite></testsuites>