<?xml version="1.0" encoding="utf-8"?><testsuites name="pytest tests"><testsuite name="pytest" errors="0" failures="0" skipped="0" tests="6" time="215.894" timestamp="2026-08-31T12:45:27.945948+05:30" hostname="L6G94XDQP1"><testcase classname="tests.dev_e2e.edge_server.test_jwt_rotation.TestJWTReplication" name="test_replication_with_jwt_file" time="55.539" /><testcase classname="tests.dev_e2e.edge_server.test_jwt_rotation.TestJWTReplication" name="test_token_rotation_reconnect" time="25.306" /><testcase classname="tests.dev_e2e.edge_server.test_jwt_rotation.TestJWTReplication" name="test_invalid_token_rotation_causes_401_stop" time="28.399" /><testcase classname="tests.dev_e2e.edge_server.test_jwt_rotation.TestJWTReplication" name="test_corrupt_token_file_content_mid_replication" time="53.414" /><testcase classname="tests.dev_e2e.edge_server.test_jwt_rotation.TestJWTReplication" name="test_valid_invalid_valid_token_cycle" time="29.102" /><testcase classname="tests.dev_e2e.edge_server.test_jwt_simple.TestJWTSimple" name="test_jwt_replication_reconnect_false" time="24.113" /></testsuite></testsuites>