<?xml version="1.0" encoding="utf-8"?><testsuites name="pytest tests"><testsuite name="pytest" errors="0" failures="0" skipped="45" tests="99" time="154.280" timestamp="2026-08-31T12:42:53.078829+05:30" hostname="L6G94XDQP1"><testcase classname="tests.dev_e2e.test_basic_multipeer.TestMultipeer" name="test_medium_mesh_sanity" time="0.000"><skipped type="pytest.skip" message="Insufficient Test Servers">/Users/jayant.dhingra/Desktop/couchbase-lite-tests/client/src/cbltest/plugins/required_topology.py:77: Insufficient Test Servers</skipped></testcase><testcase classname="tests.dev_e2e.test_basic_multipeer.TestMultipeer" name="test_medium_mesh_consistency" time="0.000"><skipped type="pytest.skip" message="Insufficient Test Servers">/Users/jayant.dhingra/Desktop/couchbase-lite-tests/client/src/cbltest/plugins/required_topology.py:77: Insufficient Test Servers</skipped></testcase><testcase classname="tests.dev_e2e.test_basic_replication.TestBasicReplication" name="test_replicate_non_existing_sg_collections" time="4.576" /><testcase classname="tests.dev_e2e.test_basic_replication.TestBasicReplication" name="test_push" time="4.209" /><testcase classname="tests.dev_e2e.test_basic_replication.TestBasicReplication" name="test_pull" time="4.288" /><testcase classname="tests.dev_e2e.test_basic_replication.TestBasicReplication" name="test_push_and_pull" time="4.333" /><testcase classname="tests.dev_e2e.test_basic_replication.TestBasicReplication" name="test_continuous_push" time="5.239" /><testcase classname="tests.dev_e2e.test_basic_replication.TestBasicReplication" name="test_continuous_pull" time="5.573" /><testcase classname="tests.dev_e2e.test_basic_replication.TestBasicReplication" name="test_continuous_push_and_pull" time="11.416" /><testcase classname="tests.dev_e2e.test_basic_replication.TestBasicReplication" name="test_default_collection_push" time="3.740" /><testcase classname="tests.dev_e2e.test_basic_replication.TestBasicReplication" name="test_default_collection_pull" time="3.729" /><testcase classname="tests.dev_e2e.test_basic_replication.TestBasicReplication" name="test_default_collection_push_and_pull" time="3.727" /><testcase classname="tests.dev_e2e.test_basic_replication.TestBasicReplication" name="test_reset_checkpoint_push" time="0.000"><skipped type="pytest.skip" message="Requires Sync Gateway features (channels/roles/CBS); skipped for --cbl-remote=es">/Users/jayant.dhingra/Desktop/couchbase-lite-tests/tests/dev_e2e/test_basic_replication.py:1029: Requires Sync Gateway features (channels/roles/CBS); skipped for --cbl-remote=es</skipped></testcase><testcase classname="tests.dev_e2e.test_basic_replication.TestBasicReplication" name="test_reset_checkpoint_pull" time="7.361" /><testcase classname="tests.dev_e2e.test_custom_conflict.TestCustomConflict" name="test_push_pull_resolved_doc" time="6.834" /><testcase classname="tests.dev_e2e.test_custom_conflict.TestCustomConflict" name="test_custom_conflict_remote_wins" time="4.763" /><testcase classname="tests.dev_e2e.test_custom_conflict.TestCustomConflict" name="test_custom_conflict_delete" time="4.683" /><testcase classname="tests.dev_e2e.test_custom_conflict.TestCustomConflict" name="test_custom_conflict_merge" time="4.733" /><testcase classname="tests.dev_e2e.test_edge_server_cbl.TestEdgeServerCbl" name="test_js_push_to_edge_server_over_ws" time="0.001"><skipped type="pytest.skip" message="Requires Sync Gateway features (channels/roles/CBS); skipped for --cbl-remote=es">/Users/jayant.dhingra/Desktop/couchbase-lite-tests/tests/dev_e2e/test_edge_server_cbl.py:15: Requires Sync Gateway features (channels/roles/CBS); skipped for --cbl-remote=es</skipped></testcase><testcase classname="tests.dev_e2e.test_encrypted_properties.TestEncryptedProperties" name="test_encrypted_push" time="0.000"><skipped type="pytest.skip" message="Requires Sync Gateway features (channels/roles/CBS); skipped for --cbl-remote=es">/Users/jayant.dhingra/Desktop/couchbase-lite-tests/tests/dev_e2e/test_encrypted_properties.py:20: Requires Sync Gateway features (channels/roles/CBS); skipped for --cbl-remote=es</skipped></testcase><testcase classname="tests.dev_e2e.test_fest.TestFest" name="test_create_tasks" time="0.000"><skipped type="pytest.skip" message="Requires Sync Gateway features (channels/roles/CBS); skipped for --cbl-remote=es">/Users/jayant.dhingra/Desktop/couchbase-lite-tests/tests/dev_e2e/test_fest.py:100: Requires Sync Gateway features (channels/roles/CBS); skipped for --cbl-remote=es</skipped></testcase><testcase classname="tests.dev_e2e.test_fest.TestFest" name="test_update_task" time="0.000"><skipped type="pytest.skip" message="Requires Sync Gateway features (channels/roles/CBS); skipped for --cbl-remote=es">/Users/jayant.dhingra/Desktop/couchbase-lite-tests/tests/dev_e2e/test_fest.py:242: Requires Sync Gateway features (channels/roles/CBS); skipped for --cbl-remote=es</skipped></testcase><testcase classname="tests.dev_e2e.test_fest.TestFest" name="test_delete_task" time="0.000"><skipped type="pytest.skip" message="Requires Sync Gateway features (channels/roles/CBS); skipped for --cbl-remote=es">/Users/jayant.dhingra/Desktop/couchbase-lite-tests/tests/dev_e2e/test_fest.py:386: Requires Sync Gateway features (channels/roles/CBS); skipped for --cbl-remote=es</skipped></testcase><testcase classname="tests.dev_e2e.test_fest.TestFest" name="test_delete_list" time="0.000"><skipped type="pytest.skip" message="Requires Sync Gateway features (channels/roles/CBS); skipped for --cbl-remote=es">/Users/jayant.dhingra/Desktop/couchbase-lite-tests/tests/dev_e2e/test_fest.py:496: Requires Sync Gateway features (channels/roles/CBS); skipped for --cbl-remote=es</skipped></testcase><testcase classname="tests.dev_e2e.test_fest.TestFest" name="test_share_list" time="0.000"><skipped type="pytest.skip" message="Requires Sync Gateway features (channels/roles/CBS); skipped for --cbl-remote=es">/Users/jayant.dhingra/Desktop/couchbase-lite-tests/tests/dev_e2e/test_fest.py:768: Requires Sync Gateway features (channels/roles/CBS); skipped for --cbl-remote=es</skipped></testcase><testcase classname="tests.dev_e2e.test_fest.TestFest" name="test_update_shared_tasks" time="0.000"><skipped type="pytest.skip" message="Requires Sync Gateway features (channels/roles/CBS); skipped for --cbl-remote=es">/Users/jayant.dhingra/Desktop/couchbase-lite-tests/tests/dev_e2e/test_fest.py:908: Requires Sync Gateway features (channels/roles/CBS); skipped for --cbl-remote=es</skipped></testcase><testcase classname="tests.dev_e2e.test_fest.TestFest" name="test_unshare_list" time="0.000"><skipped type="pytest.skip" message="Requires Sync Gateway features (channels/roles/CBS); skipped for --cbl-remote=es">/Users/jayant.dhingra/Desktop/couchbase-lite-tests/tests/dev_e2e/test_fest.py:1097: Requires Sync Gateway features (channels/roles/CBS); skipped for --cbl-remote=es</skipped></testcase><testcase classname="tests.dev_e2e.test_query_consistency.TestQueryConsistency" name="test_query_docids" time="9.636" /><testcase classname="tests.dev_e2e.test_query_consistency.TestQueryConsistency" name="test_any_operator" time="0.268" /><testcase classname="tests.dev_e2e.test_query_consistency.TestQueryConsistency" name="test_select_star[airline_10]" time="0.019" /><testcase classname="tests.dev_e2e.test_query_consistency.TestQueryConsistency" name="test_select_star[doc_id_does_not_exist]" time="0.011" /><testcase classname="tests.dev_e2e.test_query_consistency.TestQueryConsistency" name="test_limit_offset[5-5]" time="0.018" /><testcase classname="tests.dev_e2e.test_query_consistency.TestQueryConsistency" name="test_limit_offset[-5--5]" time="0.016" /><testcase classname="tests.dev_e2e.test_query_consistency.TestQueryConsistency" name="test_query_where_and_or" time="0.122" /><testcase classname="tests.dev_e2e.test_query_consistency.TestQueryConsistency" name="test_multiple_selects" time="0.082" /><testcase classname="tests.dev_e2e.test_query_consistency.TestQueryConsistency" name="test_query_pattern_like[Royal Engineers Museum]" time="0.067" /><testcase classname="tests.dev_e2e.test_query_consistency.TestQueryConsistency" name="test_query_pattern_like[Royal engineers museum]" time="0.044" /><testcase classname="tests.dev_e2e.test_query_consistency.TestQueryConsistency" name="test_query_pattern_like[eng%e%]" time="0.035" /><testcase classname="tests.dev_e2e.test_query_consistency.TestQueryConsistency" name="test_query_pattern_like[Eng%e%]" time="0.052" /><testcase classname="tests.dev_e2e.test_query_consistency.TestQueryConsistency" name="test_query_pattern_like[%eng____r%]" time="0.067" /><testcase classname="tests.dev_e2e.test_query_consistency.TestQueryConsistency" name="test_query_pattern_like[%Eng____r%]" time="0.060" /><testcase classname="tests.dev_e2e.test_query_consistency.TestQueryConsistency" name="test_query_pattern_regex[\\bEng.*e\\b]" time="0.058" /><testcase classname="tests.dev_e2e.test_query_consistency.TestQueryConsistency" name="test_query_pattern_regex[\\beng.*e\\b]" time="0.080" /><testcase classname="tests.dev_e2e.test_query_consistency.TestQueryConsistency" name="test_query_is_not_valued" time="0.530" /><testcase classname="tests.dev_e2e.test_query_consistency.TestQueryConsistency" name="test_query_ordering" time="0.071" /><testcase classname="tests.dev_e2e.test_query_consistency.TestQueryConsistency" name="test_query_substring" time="0.074" /><testcase classname="tests.dev_e2e.test_query_consistency.TestQueryConsistency" name="test_query_join" time="0.192" /><testcase classname="tests.dev_e2e.test_query_consistency.TestQueryConsistency" name="test_query_inner_join" time="33.839" /><testcase classname="tests.dev_e2e.test_query_consistency.TestQueryConsistency" name="test_query_left_join[LEFT JOIN]" time="1.073" /><testcase classname="tests.dev_e2e.test_query_consistency.TestQueryConsistency" name="test_query_left_join[LEFT OUTER JOIN]" time="1.263" /><testcase classname="tests.dev_e2e.test_query_consistency.TestQueryConsistency" name="test_equality[=]" time="0.031" /><testcase classname="tests.dev_e2e.test_query_consistency.TestQueryConsistency" name="test_equality[!=]" time="0.036" /><testcase classname="tests.dev_e2e.test_query_consistency.TestQueryConsistency" name="test_comparison[&gt;]" time="0.026" /><testcase classname="tests.dev_e2e.test_query_consistency.TestQueryConsistency" name="test_comparison[&gt;=]" time="0.029" /><testcase classname="tests.dev_e2e.test_query_consistency.TestQueryConsistency" name="test_comparison[&lt;]" time="0.030" /><testcase classname="tests.dev_e2e.test_query_consistency.TestQueryConsistency" name="test_comparison[&lt;=]" time="0.027" /><testcase classname="tests.dev_e2e.test_query_consistency.TestQueryConsistency" name="test_in" time="0.131" /><testcase classname="tests.dev_e2e.test_query_consistency.TestQueryConsistency" name="test_between[BETWEEN]" time="0.019" /><testcase classname="tests.dev_e2e.test_query_consistency.TestQueryConsistency" name="test_between[NOT BETWEEN]" time="0.034" /><testcase classname="tests.dev_e2e.test_query_consistency.TestQueryConsistency" name="test_same[IS]" time="0.305" /><testcase classname="tests.dev_e2e.test_query_consistency.TestQueryConsistency" name="test_same[IS NOT]" time="0.050" /><testcase classname="tests.dev_e2e.test_replication_auto_purge.TestReplicationAutoPurge" name="test_remove_docs_from_channel_with_auto_purge_enabled" time="0.000"><skipped type="pytest.skip" message="Requires Sync Gateway features (channels/roles/CBS); skipped for --cbl-remote=es">/Users/jayant.dhingra/Desktop/couchbase-lite-tests/tests/dev_e2e/test_replication_auto_purge.py:24: Requires Sync Gateway features (channels/roles/CBS); skipped for --cbl-remote=es</skipped></testcase><testcase classname="tests.dev_e2e.test_replication_auto_purge.TestReplicationAutoPurge" name="test_revoke_access_with_auto_purge_enabled" time="0.000"><skipped type="pytest.skip" message="Requires Sync Gateway features (channels/roles/CBS); skipped for --cbl-remote=es">/Users/jayant.dhingra/Desktop/couchbase-lite-tests/tests/dev_e2e/test_replication_auto_purge.py:135: Requires Sync Gateway features (channels/roles/CBS); skipped for --cbl-remote=es</skipped></testcase><testcase classname="tests.dev_e2e.test_replication_auto_purge.TestReplicationAutoPurge" name="test_remove_docs_from_channel_with_auto_purge_disabled" time="0.000"><skipped type="pytest.skip" message="Requires Sync Gateway features (channels/roles/CBS); skipped for --cbl-remote=es">/Users/jayant.dhingra/Desktop/couchbase-lite-tests/tests/dev_e2e/test_replication_auto_purge.py:271: Requires Sync Gateway features (channels/roles/CBS); skipped for --cbl-remote=es</skipped></testcase><testcase classname="tests.dev_e2e.test_replication_auto_purge.TestReplicationAutoPurge" name="test_revoke_access_with_auto_purge_disabled" time="0.000"><skipped type="pytest.skip" message="Requires Sync Gateway features (channels/roles/CBS); skipped for --cbl-remote=es">/Users/jayant.dhingra/Desktop/couchbase-lite-tests/tests/dev_e2e/test_replication_auto_purge.py:417: Requires Sync Gateway features (channels/roles/CBS); skipped for --cbl-remote=es</skipped></testcase><testcase classname="tests.dev_e2e.test_replication_auto_purge.TestReplicationAutoPurge" name="test_filter_removed_access_documents" time="0.000"><skipped type="pytest.skip" message="Requires Sync Gateway features (channels/roles/CBS); skipped for --cbl-remote=es">/Users/jayant.dhingra/Desktop/couchbase-lite-tests/tests/dev_e2e/test_replication_auto_purge.py:529: Requires Sync Gateway features (channels/roles/CBS); skipped for --cbl-remote=es</skipped></testcase><testcase classname="tests.dev_e2e.test_replication_auto_purge.TestReplicationAutoPurge" name="test_remove_user_from_role[True]" time="0.000"><skipped type="pytest.skip" message="Requires Sync Gateway features (channels/roles/CBS); skipped for --cbl-remote=es">/Users/jayant.dhingra/Desktop/couchbase-lite-tests/tests/dev_e2e/test_replication_auto_purge.py:665: Requires Sync Gateway features (channels/roles/CBS); skipped for --cbl-remote=es</skipped></testcase><testcase classname="tests.dev_e2e.test_replication_auto_purge.TestReplicationAutoPurge" name="test_remove_user_from_role[False]" time="0.000"><skipped type="pytest.skip" message="Requires Sync Gateway features (channels/roles/CBS); skipped for --cbl-remote=es">/Users/jayant.dhingra/Desktop/couchbase-lite-tests/tests/dev_e2e/test_replication_auto_purge.py:665: Requires Sync Gateway features (channels/roles/CBS); skipped for --cbl-remote=es</skipped></testcase><testcase classname="tests.dev_e2e.test_replication_auto_purge.TestReplicationAutoPurge" name="test_remove_role_from_channel[True]" time="0.000"><skipped type="pytest.skip" message="Requires Sync Gateway features (channels/roles/CBS); skipped for --cbl-remote=es">/Users/jayant.dhingra/Desktop/couchbase-lite-tests/tests/dev_e2e/test_replication_auto_purge.py:769: Requires Sync Gateway features (channels/roles/CBS); skipped for --cbl-remote=es</skipped></testcase><testcase classname="tests.dev_e2e.test_replication_auto_purge.TestReplicationAutoPurge" name="test_remove_role_from_channel[False]" time="0.000"><skipped type="pytest.skip" message="Requires Sync Gateway features (channels/roles/CBS); skipped for --cbl-remote=es">/Users/jayant.dhingra/Desktop/couchbase-lite-tests/tests/dev_e2e/test_replication_auto_purge.py:769: Requires Sync Gateway features (channels/roles/CBS); skipped for --cbl-remote=es</skipped></testcase><testcase classname="tests.dev_e2e.test_replication_auto_purge.TestReplicationAutoPurge" name="test_pull_after_restore_access" time="0.000"><skipped type="pytest.skip" message="Requires Sync Gateway features (channels/roles/CBS); skipped for --cbl-remote=es">/Users/jayant.dhingra/Desktop/couchbase-lite-tests/tests/dev_e2e/test_replication_auto_purge.py:901: Requires Sync Gateway features (channels/roles/CBS); skipped for --cbl-remote=es</skipped></testcase><testcase classname="tests.dev_e2e.test_replication_auto_purge.TestReplicationAutoPurge" name="test_push_after_remove_access" time="0.000"><skipped type="pytest.skip" message="Requires Sync Gateway features (channels/roles/CBS); skipped for --cbl-remote=es">/Users/jayant.dhingra/Desktop/couchbase-lite-tests/tests/dev_e2e/test_replication_auto_purge.py:1027: Requires Sync Gateway features (channels/roles/CBS); skipped for --cbl-remote=es</skipped></testcase><testcase classname="tests.dev_e2e.test_replication_auto_purge.TestReplicationAutoPurge" name="test_auto_purge_after_resurrection[delete]" time="0.000"><skipped type="pytest.skip" message="Requires Sync Gateway features (channels/roles/CBS); skipped for --cbl-remote=es">/Users/jayant.dhingra/Desktop/couchbase-lite-tests/tests/dev_e2e/test_replication_auto_purge.py:1139: Requires Sync Gateway features (channels/roles/CBS); skipped for --cbl-remote=es</skipped></testcase><testcase classname="tests.dev_e2e.test_replication_auto_purge.TestReplicationAutoPurge" name="test_auto_purge_after_resurrection[purge]" time="0.000"><skipped type="pytest.skip" message="Requires Sync Gateway features (channels/roles/CBS); skipped for --cbl-remote=es">/Users/jayant.dhingra/Desktop/couchbase-lite-tests/tests/dev_e2e/test_replication_auto_purge.py:1139: Requires Sync Gateway features (channels/roles/CBS); skipped for --cbl-remote=es</skipped></testcase><testcase classname="tests.dev_e2e.test_replication_behavior.TestReplicationBehavior" name="test_pull_empty_database_active_only" time="3.839" /><testcase classname="tests.dev_e2e.test_replication_behavior.TestReplicationBehavior" name="test_pull_resurrected_doc" time="0.001"><skipped type="pytest.skip" message="CBL 1.1.0 not &gt;= 4.2.0">/Users/jayant.dhingra/Desktop/couchbase-lite-tests/client/src/cbltest/api/cbltestclass.py:47: CBL 1.1.0 not &gt;= 4.2.0</skipped></testcase><testcase classname="tests.dev_e2e.test_replication_blob.TestReplicationBlob" name="test_pull_non_blob_changes_with_delta_sync_and_compact" time="0.001"><skipped type="pytest.skip" message="JS is not in the platforms ANDROID|C|DOTNET|IOS|JVM">/Users/jayant.dhingra/Desktop/couchbase-lite-tests/client/src/cbltest/api/cbltestclass.py:47: JS is not in the platforms ANDROID|C|DOTNET|IOS|JVM</skipped></testcase><testcase classname="tests.dev_e2e.test_replication_blob.TestReplicationBlob" name="test_blob_replication" time="0.000"><skipped type="pytest.skip" message="Requires Sync Gateway features (channels/roles/CBS); skipped for --cbl-remote=es">/Users/jayant.dhingra/Desktop/couchbase-lite-tests/tests/dev_e2e/test_replication_blob.py:193: Requires Sync Gateway features (channels/roles/CBS); skipped for --cbl-remote=es</skipped></testcase><testcase classname="tests.dev_e2e.test_replication_filter.TestReplicationFilter" name="test_push_document_ids_filter" time="6.451" /><testcase classname="tests.dev_e2e.test_replication_filter.TestReplicationFilter" name="test_pull_document_ids_filter" time="6.750" /><testcase classname="tests.dev_e2e.test_replication_filter.TestReplicationFilter" name="test_pull_channels_filter" time="0.000"><skipped type="pytest.skip" message="Requires Sync Gateway features (channels/roles/CBS); skipped for --cbl-remote=es">/Users/jayant.dhingra/Desktop/couchbase-lite-tests/tests/dev_e2e/test_replication_filter.py:203: Requires Sync Gateway features (channels/roles/CBS); skipped for --cbl-remote=es</skipped></testcase><testcase classname="tests.dev_e2e.test_replication_filter.TestReplicationFilter" name="test_replicate_public_channel" time="0.000"><skipped type="pytest.skip" message="Requires Sync Gateway features (channels/roles/CBS); skipped for --cbl-remote=es">/Users/jayant.dhingra/Desktop/couchbase-lite-tests/tests/dev_e2e/test_replication_filter.py:324: Requires Sync Gateway features (channels/roles/CBS); skipped for --cbl-remote=es</skipped></testcase><testcase classname="tests.dev_e2e.test_replication_filter.TestReplicationFilter" name="test_custom_push_filter" time="4.824" /><testcase classname="tests.dev_e2e.test_replication_filter.TestReplicationFilter" name="test_custom_pull_filter" time="4.722" /><testcase classname="tests.dev_e2e.test_replication_upgrade.TestReplicationUpgrade" name="test_nonconflict_case_1" time="0.000"><skipped type="pytest.skip" message="Requires Sync Gateway features (channels/roles/CBS); skipped for --cbl-remote=es">/Users/jayant.dhingra/Desktop/couchbase-lite-tests/tests/dev_e2e/test_replication_upgrade.py:22: Requires Sync Gateway features (channels/roles/CBS); skipped for --cbl-remote=es</skipped></testcase><testcase classname="tests.dev_e2e.test_replication_upgrade.TestReplicationUpgrade" name="test_nonconflict_case_2" time="0.000"><skipped type="pytest.skip" message="Requires Sync Gateway features (channels/roles/CBS); skipped for --cbl-remote=es">/Users/jayant.dhingra/Desktop/couchbase-lite-tests/tests/dev_e2e/test_replication_upgrade.py:75: Requires Sync Gateway features (channels/roles/CBS); skipped for --cbl-remote=es</skipped></testcase><testcase classname="tests.dev_e2e.test_replication_upgrade.TestReplicationUpgrade" name="test_nonconflict_case_3" time="0.000"><skipped type="pytest.skip" message="Requires Sync Gateway features (channels/roles/CBS); skipped for --cbl-remote=es">/Users/jayant.dhingra/Desktop/couchbase-lite-tests/tests/dev_e2e/test_replication_upgrade.py:126: Requires Sync Gateway features (channels/roles/CBS); skipped for --cbl-remote=es</skipped></testcase><testcase classname="tests.dev_e2e.test_replication_upgrade.TestReplicationUpgrade" name="test_nonconflict_case_4" time="0.000"><skipped type="pytest.skip" message="Requires Sync Gateway features (channels/roles/CBS); skipped for --cbl-remote=es">/Users/jayant.dhingra/Desktop/couchbase-lite-tests/tests/dev_e2e/test_replication_upgrade.py:178: Requires Sync Gateway features (channels/roles/CBS); skipped for --cbl-remote=es</skipped></testcase><testcase classname="tests.dev_e2e.test_replication_upgrade.TestReplicationUpgrade" name="test_nonconflict_case_5" time="0.010"><skipped type="pytest.skip" message="Requires Sync Gateway features (channels/roles/CBS); skipped for --cbl-remote=es">/Users/jayant.dhingra/Desktop/couchbase-lite-tests/tests/dev_e2e/test_replication_upgrade.py:231: Requires Sync Gateway features (channels/roles/CBS); skipped for --cbl-remote=es</skipped></testcase><testcase classname="tests.dev_e2e.test_replication_upgrade.TestReplicationUpgrade" name="test_nonconflict_case_6" time="0.000"><skipped type="pytest.skip" message="Requires Sync Gateway features (channels/roles/CBS); skipped for --cbl-remote=es">/Users/jayant.dhingra/Desktop/couchbase-lite-tests/tests/dev_e2e/test_replication_upgrade.py:283: Requires Sync Gateway features (channels/roles/CBS); skipped for --cbl-remote=es</skipped></testcase><testcase classname="tests.dev_e2e.test_replication_upgrade.TestReplicationUpgrade" name="test_conflict_case_1" time="0.000"><skipped type="pytest.skip" message="Requires Sync Gateway features (channels/roles/CBS); skipped for --cbl-remote=es">/Users/jayant.dhingra/Desktop/couchbase-lite-tests/tests/dev_e2e/test_replication_upgrade.py:332: Requires Sync Gateway features (channels/roles/CBS); skipped for --cbl-remote=es</skipped></testcase><testcase classname="tests.dev_e2e.test_replication_upgrade.TestReplicationUpgrade" name="test_conflict_case_2" time="0.000"><skipped type="pytest.skip" message="Requires Sync Gateway features (channels/roles/CBS); skipped for --cbl-remote=es">/Users/jayant.dhingra/Desktop/couchbase-lite-tests/tests/dev_e2e/test_replication_upgrade.py:394: Requires Sync Gateway features (channels/roles/CBS); skipped for --cbl-remote=es</skipped></testcase><testcase classname="tests.dev_e2e.test_replication_upgrade.TestReplicationUpgrade" name="test_conflict_case_3" time="0.000"><skipped type="pytest.skip" message="Requires Sync Gateway features (channels/roles/CBS); skipped for --cbl-remote=es">/Users/jayant.dhingra/Desktop/couchbase-lite-tests/tests/dev_e2e/test_replication_upgrade.py:472: Requires Sync Gateway features (channels/roles/CBS); skipped for --cbl-remote=es</skipped></testcase><testcase classname="tests.dev_e2e.test_replication_upgrade.TestReplicationUpgrade" name="test_conflict_case_4" time="0.000"><skipped type="pytest.skip" message="Requires Sync Gateway features (channels/roles/CBS); skipped for --cbl-remote=es">/Users/jayant.dhingra/Desktop/couchbase-lite-tests/tests/dev_e2e/test_replication_upgrade.py:547: Requires Sync Gateway features (channels/roles/CBS); skipped for --cbl-remote=es</skipped></testcase><testcase classname="tests.dev_e2e.test_replication_upgrade.TestReplicationUpgrade" name="test_conflict_case_5" time="0.000"><skipped type="pytest.skip" message="Requires Sync Gateway features (channels/roles/CBS); skipped for --cbl-remote=es">/Users/jayant.dhingra/Desktop/couchbase-lite-tests/tests/dev_e2e/test_replication_upgrade.py:622: Requires Sync Gateway features (channels/roles/CBS); skipped for --cbl-remote=es</skipped></testcase><testcase classname="tests.dev_e2e.test_replication_upgrade.TestReplicationUpgrade" name="test_conflict_case_6" time="0.000"><skipped type="pytest.skip" message="Requires Sync Gateway features (channels/roles/CBS); skipped for --cbl-remote=es">/Users/jayant.dhingra/Desktop/couchbase-lite-tests/tests/dev_e2e/test_replication_upgrade.py:706: Requires Sync Gateway features (channels/roles/CBS); skipped for --cbl-remote=es</skipped></testcase><testcase classname="tests.dev_e2e.test_replication_upgrade.TestReplicationUpgrade" name="test_conflict_case_7" time="0.000"><skipped type="pytest.skip" message="Requires Sync Gateway features (channels/roles/CBS); skipped for --cbl-remote=es">/Users/jayant.dhingra/Desktop/couchbase-lite-tests/tests/dev_e2e/test_replication_upgrade.py:782: Requires Sync Gateway features (channels/roles/CBS); skipped for --cbl-remote=es</skipped></testcase><testcase classname="tests.dev_e2e.test_replication_xdcr.TestReplicationXdcr" name="test_push_and_pull_with_xdcr" time="0.000"><skipped type="pytest.skip" message="Requires Sync Gateway features (channels/roles/CBS); skipped for --cbl-remote=es">/Users/jayant.dhingra/Desktop/couchbase-lite-tests/tests/dev_e2e/test_replication_xdcr.py:53: Requires Sync Gateway features (channels/roles/CBS); skipped for --cbl-remote=es</skipped></testcase><testcase classname="tests.dev_e2e.test_replication_xdcr.TestReplicationXdcr" name="test_fail_over" time="0.002"><skipped type="pytest.skip" message="Requires Sync Gateway features (channels/roles/CBS); skipped for --cbl-remote=es">/Users/jayant.dhingra/Desktop/couchbase-lite-tests/tests/dev_e2e/test_replication_xdcr.py:191: Requires Sync Gateway features (channels/roles/CBS); skipped for --cbl-remote=es</skipped></testcase></testsuite></testsuites>