<?xml version="1.0" encoding="utf-8"?><testsuites name="pytest tests"><testsuite name="pytest" errors="0" failures="0" skipped="5" tests="6" time="5.359" timestamp="2026-08-28T16:08:20.847615+05:30" hostname="L6G94XDQP1"><testcase classname="tests.dev_e2e.test_replication_filter.TestReplicationFilter" name="test_push_document_ids_filter" time="0.000"><skipped type="pytest.skip" message="Requires Sync Gateway features (channels/roles/CBS); skipped for --cbl-remote=es">/Users/jayant.dhingra/Desktop/couchbase-lite-tests/tests/dev_e2e/test_replication_filter.py:32: Requires Sync Gateway features (channels/roles/CBS); skipped for --cbl-remote=es</skipped></testcase><testcase classname="tests.dev_e2e.test_replication_filter.TestReplicationFilter" name="test_pull_document_ids_filter" time="0.000"><skipped type="pytest.skip" message="Requires Sync Gateway features (channels/roles/CBS); skipped for --cbl-remote=es">/Users/jayant.dhingra/Desktop/couchbase-lite-tests/tests/dev_e2e/test_replication_filter.py:113: Requires Sync Gateway features (channels/roles/CBS); skipped for --cbl-remote=es</skipped></testcase><testcase classname="tests.dev_e2e.test_replication_filter.TestReplicationFilter" name="test_pull_channels_filter" time="0.000"><skipped type="pytest.skip" message="Requires Sync Gateway features (channels/roles/CBS); skipped for --cbl-remote=es">/Users/jayant.dhingra/Desktop/couchbase-lite-tests/tests/dev_e2e/test_replication_filter.py:203: Requires Sync Gateway features (channels/roles/CBS); skipped for --cbl-remote=es</skipped></testcase><testcase classname="tests.dev_e2e.test_replication_filter.TestReplicationFilter" name="test_replicate_public_channel" time="0.000"><skipped type="pytest.skip" message="Requires Sync Gateway features (channels/roles/CBS); skipped for --cbl-remote=es">/Users/jayant.dhingra/Desktop/couchbase-lite-tests/tests/dev_e2e/test_replication_filter.py:324: Requires Sync Gateway features (channels/roles/CBS); skipped for --cbl-remote=es</skipped></testcase><testcase classname="tests.dev_e2e.test_replication_filter.TestReplicationFilter" name="test_custom_push_filter" time="5.334" /><testcase classname="tests.dev_e2e.test_replication_filter.TestReplicationFilter" name="test_custom_pull_filter" time="0.005"><skipped type="pytest.skip" message="Requires Sync Gateway features (channels/roles/CBS); skipped for --cbl-remote=es">/Users/jayant.dhingra/Desktop/couchbase-lite-tests/tests/dev_e2e/test_replication_filter.py:506: Requires Sync Gateway features (channels/roles/CBS); skipped for --cbl-remote=es</skipped></testcase></testsuite></testsuites>