<?xml version="1.0" encoding="utf-8"?><testsuites name="pytest tests"><testsuite name="pytest" errors="0" failures="4" skipped="16" tests="95" time="1775.481" timestamp="2026-06-23T16:02:19.405193+05:30" hostname="L6G94XDQP1"><testcase classname="tests.dev_e2e.test_basic_replication.TestBasicReplication" name="test_replicate_non_existing_sg_collections" time="17.277" /><testcase classname="tests.dev_e2e.test_basic_replication.TestBasicReplication" name="test_push" time="54.215" /><testcase classname="tests.dev_e2e.test_basic_replication.TestBasicReplication" name="test_pull" time="53.286" /><testcase classname="tests.dev_e2e.test_basic_replication.TestBasicReplication" name="test_push_and_pull" time="55.456" /><testcase classname="tests.dev_e2e.test_basic_replication.TestBasicReplication" name="test_continuous_push" time="55.039" /><testcase classname="tests.dev_e2e.test_basic_replication.TestBasicReplication" name="test_continuous_pull" time="54.636" /><testcase classname="tests.dev_e2e.test_basic_replication.TestBasicReplication" name="test_continuous_push_and_pull" time="60.570" /><testcase classname="tests.dev_e2e.test_basic_replication.TestBasicReplication" name="test_default_collection_push" time="12.014" /><testcase classname="tests.dev_e2e.test_basic_replication.TestBasicReplication" name="test_default_collection_pull" time="23.494" /><testcase classname="tests.dev_e2e.test_basic_replication.TestBasicReplication" name="test_default_collection_push_and_pull" time="23.278" /><testcase classname="tests.dev_e2e.test_basic_replication.TestBasicReplication" name="test_reset_checkpoint_push" time="54.339" /><testcase classname="tests.dev_e2e.test_basic_replication.TestBasicReplication" name="test_reset_checkpoint_pull" time="54.979" /><testcase classname="tests.dev_e2e.test_custom_conflict.TestCustomConflict" name="test_push_pull_resolved_doc" time="11.847"><failure message="cbltest.api.error.CblTestServerBadResponseError: returned 501">test_custom_conflict.py:239: in test_push_pull_resolved_doc
    await replicator.start()
../../client/src/cbltest/api/replicator.py:140: in start
    resp = await self.__request_factory.send_request(self.__index, req)
           ^^^^^^^^^^^^^^^^^^^^^^^^^^^^^^^^^^^^^^^^^^^^^^^^^^^^^^^^^^^^
../../client/src/cbltest/requests.py:213: in send_request
    ret_val = await transport.send(r, writer.num)
              ^^^^^^^^^^^^^^^^^^^^^^^^^^^^^^^^^^^
../../client/src/cbltest/requests_transport.py:186: in send
    raise CblTestServerBadResponseError(
E   cbltest.api.error.CblTestServerBadResponseError: returned 501</failure></testcase><testcase classname="tests.dev_e2e.test_custom_conflict.TestCustomConflict" name="test_custom_conflict_remote_wins" time="30.730"><failure message="cbltest.api.error.CblTestServerBadResponseError: returned 501">test_custom_conflict.py:367: in test_custom_conflict_remote_wins
    await self.do_custom_conflict_test(
test_custom_conflict.py:119: in do_custom_conflict_test
    await replicator.start()
../../client/src/cbltest/api/replicator.py:140: in start
    resp = await self.__request_factory.send_request(self.__index, req)
           ^^^^^^^^^^^^^^^^^^^^^^^^^^^^^^^^^^^^^^^^^^^^^^^^^^^^^^^^^^^^
../../client/src/cbltest/requests.py:213: in send_request
    ret_val = await transport.send(r, writer.num)
              ^^^^^^^^^^^^^^^^^^^^^^^^^^^^^^^^^^^
../../client/src/cbltest/requests_transport.py:186: in send
    raise CblTestServerBadResponseError(
E   cbltest.api.error.CblTestServerBadResponseError: returned 501</failure></testcase><testcase classname="tests.dev_e2e.test_custom_conflict.TestCustomConflict" name="test_custom_conflict_delete" time="12.222"><failure message="cbltest.api.error.CblTestServerBadResponseError: returned 501">test_custom_conflict.py:382: in test_custom_conflict_delete
    await self.do_custom_conflict_test(
test_custom_conflict.py:119: in do_custom_conflict_test
    await replicator.start()
../../client/src/cbltest/api/replicator.py:140: in start
    resp = await self.__request_factory.send_request(self.__index, req)
           ^^^^^^^^^^^^^^^^^^^^^^^^^^^^^^^^^^^^^^^^^^^^^^^^^^^^^^^^^^^^
../../client/src/cbltest/requests.py:213: in send_request
    ret_val = await transport.send(r, writer.num)
              ^^^^^^^^^^^^^^^^^^^^^^^^^^^^^^^^^^^
../../client/src/cbltest/requests_transport.py:186: in send
    raise CblTestServerBadResponseError(
E   cbltest.api.error.CblTestServerBadResponseError: returned 501</failure></testcase><testcase classname="tests.dev_e2e.test_custom_conflict.TestCustomConflict" name="test_custom_conflict_merge" time="25.870"><failure message="cbltest.api.error.CblTestServerBadResponseError: returned 501">test_custom_conflict.py:408: in test_custom_conflict_merge
    await self.do_custom_conflict_test(
test_custom_conflict.py:119: in do_custom_conflict_test
    await replicator.start()
../../client/src/cbltest/api/replicator.py:140: in start
    resp = await self.__request_factory.send_request(self.__index, req)
           ^^^^^^^^^^^^^^^^^^^^^^^^^^^^^^^^^^^^^^^^^^^^^^^^^^^^^^^^^^^^
../../client/src/cbltest/requests.py:213: in send_request
    ret_val = await transport.send(r, writer.num)
              ^^^^^^^^^^^^^^^^^^^^^^^^^^^^^^^^^^^
../../client/src/cbltest/requests_transport.py:186: in send
    raise CblTestServerBadResponseError(
E   cbltest.api.error.CblTestServerBadResponseError: returned 501</failure></testcase><testcase classname="tests.dev_e2e.test_encrypted_properties.TestEncryptedProperties" name="test_encrypted_push" time="0.001"><skipped type="pytest.skip" message="REACTNATIVE is not in the platforms C">/Users/jayant.dhingra/Desktop/couchbase-lite-tests/client/src/cbltest/api/cbltestclass.py:48: REACTNATIVE is not in the platforms C</skipped></testcase><testcase classname="tests.dev_e2e.test_fest.TestFest" name="test_create_tasks" time="59.495" /><testcase classname="tests.dev_e2e.test_fest.TestFest" name="test_update_task" time="61.228" /><testcase classname="tests.dev_e2e.test_fest.TestFest" name="test_delete_task" time="49.432" /><testcase classname="tests.dev_e2e.test_fest.TestFest" name="test_delete_list" time="65.784" /><testcase classname="tests.dev_e2e.test_fest.TestFest" name="test_share_list" time="77.064" /><testcase classname="tests.dev_e2e.test_fest.TestFest" name="test_update_shared_tasks" time="73.275" /><testcase classname="tests.dev_e2e.test_fest.TestFest" name="test_unshare_list" time="77.649" /><testcase classname="tests.dev_e2e.test_query_consistency.TestQueryConsistency" name="test_query_docids" time="58.036" /><testcase classname="tests.dev_e2e.test_query_consistency.TestQueryConsistency" name="test_any_operator" time="5.717" /><testcase classname="tests.dev_e2e.test_query_consistency.TestQueryConsistency" name="test_select_star[airline_10]" time="0.027" /><testcase classname="tests.dev_e2e.test_query_consistency.TestQueryConsistency" name="test_select_star[doc_id_does_not_exist]" time="0.073" /><testcase classname="tests.dev_e2e.test_query_consistency.TestQueryConsistency" name="test_limit_offset[5-5]" time="0.068" /><testcase classname="tests.dev_e2e.test_query_consistency.TestQueryConsistency" name="test_limit_offset[-5--5]" time="0.069" /><testcase classname="tests.dev_e2e.test_query_consistency.TestQueryConsistency" name="test_query_where_and_or" time="5.630" /><testcase classname="tests.dev_e2e.test_query_consistency.TestQueryConsistency" name="test_multiple_selects" time="0.084" /><testcase classname="tests.dev_e2e.test_query_consistency.TestQueryConsistency" name="test_query_pattern_like[Royal Engineers Museum]" time="5.557" /><testcase classname="tests.dev_e2e.test_query_consistency.TestQueryConsistency" name="test_query_pattern_like[Royal engineers museum]" time="0.071" /><testcase classname="tests.dev_e2e.test_query_consistency.TestQueryConsistency" name="test_query_pattern_like[eng%e%]" time="0.042" /><testcase classname="tests.dev_e2e.test_query_consistency.TestQueryConsistency" name="test_query_pattern_like[Eng%e%]" time="0.061" /><testcase classname="tests.dev_e2e.test_query_consistency.TestQueryConsistency" name="test_query_pattern_like[%eng____r%]" time="0.040" /><testcase classname="tests.dev_e2e.test_query_consistency.TestQueryConsistency" name="test_query_pattern_like[%Eng____r%]" time="0.061" /><testcase classname="tests.dev_e2e.test_query_consistency.TestQueryConsistency" name="test_query_pattern_regex[\\bEng.*e\\b]" time="0.062" /><testcase classname="tests.dev_e2e.test_query_consistency.TestQueryConsistency" name="test_query_pattern_regex[\\beng.*e\\b]" time="0.065" /><testcase classname="tests.dev_e2e.test_query_consistency.TestQueryConsistency" name="test_query_is_not_valued" time="0.067" /><testcase classname="tests.dev_e2e.test_query_consistency.TestQueryConsistency" name="test_query_ordering" time="0.041" /><testcase classname="tests.dev_e2e.test_query_consistency.TestQueryConsistency" name="test_query_substring" time="0.065" /><testcase classname="tests.dev_e2e.test_query_consistency.TestQueryConsistency" name="test_query_join" time="0.056" /><testcase classname="tests.dev_e2e.test_query_consistency.TestQueryConsistency" name="test_query_inner_join" time="0.368" /><testcase classname="tests.dev_e2e.test_query_consistency.TestQueryConsistency" name="test_query_left_join[LEFT JOIN]" time="0.096" /><testcase classname="tests.dev_e2e.test_query_consistency.TestQueryConsistency" name="test_query_left_join[LEFT OUTER JOIN]" time="0.083" /><testcase classname="tests.dev_e2e.test_query_consistency.TestQueryConsistency" name="test_equality[=]" time="5.548" /><testcase classname="tests.dev_e2e.test_query_consistency.TestQueryConsistency" name="test_equality[!=]" time="0.083" /><testcase classname="tests.dev_e2e.test_query_consistency.TestQueryConsistency" name="test_comparison[&gt;]" time="0.026" /><testcase classname="tests.dev_e2e.test_query_consistency.TestQueryConsistency" name="test_comparison[&gt;=]" time="0.056" /><testcase classname="tests.dev_e2e.test_query_consistency.TestQueryConsistency" name="test_comparison[&lt;]" time="0.078" /><testcase classname="tests.dev_e2e.test_query_consistency.TestQueryConsistency" name="test_comparison[&lt;=]" time="0.064" /><testcase classname="tests.dev_e2e.test_query_consistency.TestQueryConsistency" name="test_in" time="0.068" /><testcase classname="tests.dev_e2e.test_query_consistency.TestQueryConsistency" name="test_between[BETWEEN]" time="0.049" /><testcase classname="tests.dev_e2e.test_query_consistency.TestQueryConsistency" name="test_between[NOT BETWEEN]" time="0.081" /><testcase classname="tests.dev_e2e.test_query_consistency.TestQueryConsistency" name="test_same[IS]" time="0.050" /><testcase classname="tests.dev_e2e.test_query_consistency.TestQueryConsistency" name="test_same[IS NOT]" time="0.066" /><testcase classname="tests.dev_e2e.test_replication_auto_purge.TestReplicationAutoPurge" name="test_remove_docs_from_channel_with_auto_purge_enabled" time="24.072" /><testcase classname="tests.dev_e2e.test_replication_auto_purge.TestReplicationAutoPurge" name="test_revoke_access_with_auto_purge_enabled" time="24.734" /><testcase classname="tests.dev_e2e.test_replication_auto_purge.TestReplicationAutoPurge" name="test_remove_docs_from_channel_with_auto_purge_disabled" time="23.930" /><testcase classname="tests.dev_e2e.test_replication_auto_purge.TestReplicationAutoPurge" name="test_revoke_access_with_auto_purge_disabled" time="24.250" /><testcase classname="tests.dev_e2e.test_replication_auto_purge.TestReplicationAutoPurge" name="test_filter_removed_access_documents" time="27.041" /><testcase classname="tests.dev_e2e.test_replication_auto_purge.TestReplicationAutoPurge" name="test_remove_user_from_role[True]" time="24.413" /><testcase classname="tests.dev_e2e.test_replication_auto_purge.TestReplicationAutoPurge" name="test_remove_user_from_role[False]" time="24.190" /><testcase classname="tests.dev_e2e.test_replication_auto_purge.TestReplicationAutoPurge" name="test_remove_role_from_channel[True]" time="23.697" /><testcase classname="tests.dev_e2e.test_replication_auto_purge.TestReplicationAutoPurge" name="test_remove_role_from_channel[False]" time="23.698" /><testcase classname="tests.dev_e2e.test_replication_auto_purge.TestReplicationAutoPurge" name="test_pull_after_restore_access" time="28.542" /><testcase classname="tests.dev_e2e.test_replication_auto_purge.TestReplicationAutoPurge" name="test_push_after_remove_access" time="25.024" /><testcase classname="tests.dev_e2e.test_replication_auto_purge.TestReplicationAutoPurge" name="test_auto_purge_after_resurrection[delete]" time="26.994" /><testcase classname="tests.dev_e2e.test_replication_auto_purge.TestReplicationAutoPurge" name="test_auto_purge_after_resurrection[purge]" time="26.363" /><testcase classname="tests.dev_e2e.test_replication_behavior.TestReplicationBehavior" name="test_pull_empty_database_active_only" time="12.088" /><testcase classname="tests.dev_e2e.test_replication_blob.TestReplicationBlob" name="test_pull_non_blob_changes_with_delta_sync_and_compact" time="57.250" /><testcase classname="tests.dev_e2e.test_replication_blob.TestReplicationBlob" name="test_blob_replication" time="12.288" /><testcase classname="tests.dev_e2e.test_replication_filter.TestReplicationFilter" name="test_push_document_ids_filter" time="54.990" /><testcase classname="tests.dev_e2e.test_replication_filter.TestReplicationFilter" name="test_pull_document_ids_filter" time="54.933" /><testcase classname="tests.dev_e2e.test_replication_filter.TestReplicationFilter" name="test_pull_channels_filter" time="54.459" /><testcase classname="tests.dev_e2e.test_replication_filter.TestReplicationFilter" name="test_replicate_public_channel" time="16.259" /><testcase classname="tests.dev_e2e.test_replication_filter.TestReplicationFilter" name="test_custom_push_filter" time="12.996" /><testcase classname="tests.dev_e2e.test_replication_filter.TestReplicationFilter" name="test_custom_pull_filter" time="27.302" /><testcase classname="tests.dev_e2e.test_replication_upgrade.TestReplicationUpgrade" name="test_nonconflict_case_1" time="0.003"><skipped type="pytest.skip" message="CBL 1.0.0 not &gt;= 4.0.0">/Users/jayant.dhingra/Desktop/couchbase-lite-tests/client/src/cbltest/api/cbltestclass.py:48: CBL 1.0.0 not &gt;= 4.0.0</skipped></testcase><testcase classname="tests.dev_e2e.test_replication_upgrade.TestReplicationUpgrade" name="test_nonconflict_case_2" time="0.001"><skipped type="pytest.skip" message="CBL 1.0.0 not &gt;= 4.0.0">/Users/jayant.dhingra/Desktop/couchbase-lite-tests/client/src/cbltest/api/cbltestclass.py:48: CBL 1.0.0 not &gt;= 4.0.0</skipped></testcase><testcase classname="tests.dev_e2e.test_replication_upgrade.TestReplicationUpgrade" name="test_nonconflict_case_3" time="0.001"><skipped type="pytest.skip" message="CBL 1.0.0 not &gt;= 4.0.0">/Users/jayant.dhingra/Desktop/couchbase-lite-tests/client/src/cbltest/api/cbltestclass.py:48: CBL 1.0.0 not &gt;= 4.0.0</skipped></testcase><testcase classname="tests.dev_e2e.test_replication_upgrade.TestReplicationUpgrade" name="test_nonconflict_case_4" time="0.001"><skipped type="pytest.skip" message="CBL 1.0.0 not &gt;= 4.0.0">/Users/jayant.dhingra/Desktop/couchbase-lite-tests/client/src/cbltest/api/cbltestclass.py:48: CBL 1.0.0 not &gt;= 4.0.0</skipped></testcase><testcase classname="tests.dev_e2e.test_replication_upgrade.TestReplicationUpgrade" name="test_nonconflict_case_5" time="0.001"><skipped type="pytest.skip" message="CBL 1.0.0 not &gt;= 4.0.0">/Users/jayant.dhingra/Desktop/couchbase-lite-tests/client/src/cbltest/api/cbltestclass.py:48: CBL 1.0.0 not &gt;= 4.0.0</skipped></testcase><testcase classname="tests.dev_e2e.test_replication_upgrade.TestReplicationUpgrade" name="test_nonconflict_case_6" time="0.001"><skipped type="pytest.skip" message="CBL 1.0.0 not &gt;= 4.0.0">/Users/jayant.dhingra/Desktop/couchbase-lite-tests/client/src/cbltest/api/cbltestclass.py:48: CBL 1.0.0 not &gt;= 4.0.0</skipped></testcase><testcase classname="tests.dev_e2e.test_replication_upgrade.TestReplicationUpgrade" name="test_conflict_case_1" time="0.001"><skipped type="pytest.skip" message="CBL 1.0.0 not &gt;= 4.0.0">/Users/jayant.dhingra/Desktop/couchbase-lite-tests/client/src/cbltest/api/cbltestclass.py:48: CBL 1.0.0 not &gt;= 4.0.0</skipped></testcase><testcase classname="tests.dev_e2e.test_replication_upgrade.TestReplicationUpgrade" name="test_conflict_case_2" time="0.000"><skipped type="pytest.skip" message="CBL 1.0.0 not &gt;= 4.0.0">/Users/jayant.dhingra/Desktop/couchbase-lite-tests/client/src/cbltest/api/cbltestclass.py:48: CBL 1.0.0 not &gt;= 4.0.0</skipped></testcase><testcase classname="tests.dev_e2e.test_replication_upgrade.TestReplicationUpgrade" name="test_conflict_case_3" time="0.000"><skipped type="pytest.skip" message="CBL 1.0.0 not &gt;= 4.0.0">/Users/jayant.dhingra/Desktop/couchbase-lite-tests/client/src/cbltest/api/cbltestclass.py:48: CBL 1.0.0 not &gt;= 4.0.0</skipped></testcase><testcase classname="tests.dev_e2e.test_replication_upgrade.TestReplicationUpgrade" name="test_conflict_case_4" time="0.001"><skipped type="pytest.skip" message="CBL 1.0.0 not &gt;= 4.0.0">/Users/jayant.dhingra/Desktop/couchbase-lite-tests/client/src/cbltest/api/cbltestclass.py:48: CBL 1.0.0 not &gt;= 4.0.0</skipped></testcase><testcase classname="tests.dev_e2e.test_replication_upgrade.TestReplicationUpgrade" name="test_conflict_case_5" time="0.001"><skipped type="pytest.skip" message="CBL 1.0.0 not &gt;= 4.0.0">/Users/jayant.dhingra/Desktop/couchbase-lite-tests/client/src/cbltest/api/cbltestclass.py:48: CBL 1.0.0 not &gt;= 4.0.0</skipped></testcase><testcase classname="tests.dev_e2e.test_replication_upgrade.TestReplicationUpgrade" name="test_conflict_case_6" time="0.001"><skipped type="pytest.skip" message="CBL 1.0.0 not &gt;= 4.0.0">/Users/jayant.dhingra/Desktop/couchbase-lite-tests/client/src/cbltest/api/cbltestclass.py:48: CBL 1.0.0 not &gt;= 4.0.0</skipped></testcase><testcase classname="tests.dev_e2e.test_replication_upgrade.TestReplicationUpgrade" name="test_conflict_case_7" time="0.000"><skipped type="pytest.skip" message="CBL 1.0.0 not &gt;= 4.0.0">/Users/jayant.dhingra/Desktop/couchbase-lite-tests/client/src/cbltest/api/cbltestclass.py:48: CBL 1.0.0 not &gt;= 4.0.0</skipped></testcase><testcase classname="tests.dev_e2e.test_replication_xdcr.TestReplicationXdcr" name="test_push_and_pull_with_xdcr" time="0.000"><skipped type="pytest.skip" message="Insufficient Sync Gateways">/Users/jayant.dhingra/Desktop/couchbase-lite-tests/client/src/cbltest/plugins/required_topology.py:67: Insufficient Sync Gateways</skipped></testcase><testcase classname="tests.dev_e2e.test_replication_xdcr.TestReplicationXdcr" name="test_fail_over" time="0.002"><skipped type="pytest.skip" message="Insufficient Sync Gateways">/Users/jayant.dhingra/Desktop/couchbase-lite-tests/client/src/cbltest/plugins/required_topology.py:67: Insufficient Sync Gateways</skipped></testcase></testsuite></testsuites>