<?xml version="1.0" encoding="utf-8"?><testsuites name="pytest tests"><testsuite name="pytest" errors="0" failures="4" skipped="16" tests="95" time="2012.677" timestamp="2026-06-17T16:28:39.010028+05:30" hostname="L6G94XDQP1"><testcase classname="tests.dev_e2e.test_basic_replication.TestBasicReplication" name="test_replicate_non_existing_sg_collections" time="26.468" /><testcase classname="tests.dev_e2e.test_basic_replication.TestBasicReplication" name="test_push" time="66.874" /><testcase classname="tests.dev_e2e.test_basic_replication.TestBasicReplication" name="test_pull" time="66.183" /><testcase classname="tests.dev_e2e.test_basic_replication.TestBasicReplication" name="test_push_and_pull" time="75.891" /><testcase classname="tests.dev_e2e.test_basic_replication.TestBasicReplication" name="test_continuous_push" time="82.492" /><testcase classname="tests.dev_e2e.test_basic_replication.TestBasicReplication" name="test_continuous_pull" time="67.548" /><testcase classname="tests.dev_e2e.test_basic_replication.TestBasicReplication" name="test_continuous_push_and_pull" time="84.300" /><testcase classname="tests.dev_e2e.test_basic_replication.TestBasicReplication" name="test_default_collection_push" time="12.712" /><testcase classname="tests.dev_e2e.test_basic_replication.TestBasicReplication" name="test_default_collection_pull" time="26.123" /><testcase classname="tests.dev_e2e.test_basic_replication.TestBasicReplication" name="test_default_collection_push_and_pull" time="12.380" /><testcase classname="tests.dev_e2e.test_basic_replication.TestBasicReplication" name="test_reset_checkpoint_push" time="67.233" /><testcase classname="tests.dev_e2e.test_basic_replication.TestBasicReplication" name="test_reset_checkpoint_pull" time="87.277" /><testcase classname="tests.dev_e2e.test_custom_conflict.TestCustomConflict" name="test_push_pull_resolved_doc" time="11.983"><failure message="cbltest.api.error.CblTestServerBadResponseError: returned 501">test_custom_conflict.py:239: in test_push_pull_resolved_doc
    await replicator.start()
../../client/src/cbltest/api/replicator.py:140: in start
    resp = await self.__request_factory.send_request(self.__index, req)
           ^^^^^^^^^^^^^^^^^^^^^^^^^^^^^^^^^^^^^^^^^^^^^^^^^^^^^^^^^^^^
../../client/src/cbltest/requests.py:213: in send_request
    ret_val = await transport.send(r, writer.num)
              ^^^^^^^^^^^^^^^^^^^^^^^^^^^^^^^^^^^
../../client/src/cbltest/requests_transport.py:186: in send
    raise CblTestServerBadResponseError(
E   cbltest.api.error.CblTestServerBadResponseError: returned 501</failure></testcase><testcase classname="tests.dev_e2e.test_custom_conflict.TestCustomConflict" name="test_custom_conflict_remote_wins" time="25.881"><failure message="cbltest.api.error.CblTestServerBadResponseError: returned 501">test_custom_conflict.py:367: in test_custom_conflict_remote_wins
    await self.do_custom_conflict_test(
test_custom_conflict.py:119: in do_custom_conflict_test
    await replicator.start()
../../client/src/cbltest/api/replicator.py:140: in start
    resp = await self.__request_factory.send_request(self.__index, req)
           ^^^^^^^^^^^^^^^^^^^^^^^^^^^^^^^^^^^^^^^^^^^^^^^^^^^^^^^^^^^^
../../client/src/cbltest/requests.py:213: in send_request
    ret_val = await transport.send(r, writer.num)
              ^^^^^^^^^^^^^^^^^^^^^^^^^^^^^^^^^^^
../../client/src/cbltest/requests_transport.py:186: in send
    raise CblTestServerBadResponseError(
E   cbltest.api.error.CblTestServerBadResponseError: returned 501</failure></testcase><testcase classname="tests.dev_e2e.test_custom_conflict.TestCustomConflict" name="test_custom_conflict_delete" time="11.923"><failure message="cbltest.api.error.CblTestServerBadResponseError: returned 501">test_custom_conflict.py:382: in test_custom_conflict_delete
    await self.do_custom_conflict_test(
test_custom_conflict.py:119: in do_custom_conflict_test
    await replicator.start()
../../client/src/cbltest/api/replicator.py:140: in start
    resp = await self.__request_factory.send_request(self.__index, req)
           ^^^^^^^^^^^^^^^^^^^^^^^^^^^^^^^^^^^^^^^^^^^^^^^^^^^^^^^^^^^^
../../client/src/cbltest/requests.py:213: in send_request
    ret_val = await transport.send(r, writer.num)
              ^^^^^^^^^^^^^^^^^^^^^^^^^^^^^^^^^^^
../../client/src/cbltest/requests_transport.py:186: in send
    raise CblTestServerBadResponseError(
E   cbltest.api.error.CblTestServerBadResponseError: returned 501</failure></testcase><testcase classname="tests.dev_e2e.test_custom_conflict.TestCustomConflict" name="test_custom_conflict_merge" time="30.622"><failure message="cbltest.api.error.CblTestServerBadResponseError: returned 501">test_custom_conflict.py:408: in test_custom_conflict_merge
    await self.do_custom_conflict_test(
test_custom_conflict.py:119: in do_custom_conflict_test
    await replicator.start()
../../client/src/cbltest/api/replicator.py:140: in start
    resp = await self.__request_factory.send_request(self.__index, req)
           ^^^^^^^^^^^^^^^^^^^^^^^^^^^^^^^^^^^^^^^^^^^^^^^^^^^^^^^^^^^^
../../client/src/cbltest/requests.py:213: in send_request
    ret_val = await transport.send(r, writer.num)
              ^^^^^^^^^^^^^^^^^^^^^^^^^^^^^^^^^^^
../../client/src/cbltest/requests_transport.py:186: in send
    raise CblTestServerBadResponseError(
E   cbltest.api.error.CblTestServerBadResponseError: returned 501</failure></testcase><testcase classname="tests.dev_e2e.test_encrypted_properties.TestEncryptedProperties" name="test_encrypted_push" time="0.001"><skipped type="pytest.skip" message="REACTNATIVE is not in the platforms C">/Users/jayant.dhingra/Desktop/couchbase-lite-tests/client/src/cbltest/api/cbltestclass.py:48: REACTNATIVE is not in the platforms C</skipped></testcase><testcase classname="tests.dev_e2e.test_fest.TestFest" name="test_create_tasks" time="54.579" /><testcase classname="tests.dev_e2e.test_fest.TestFest" name="test_update_task" time="52.162" /><testcase classname="tests.dev_e2e.test_fest.TestFest" name="test_delete_task" time="50.804" /><testcase classname="tests.dev_e2e.test_fest.TestFest" name="test_delete_list" time="62.251" /><testcase classname="tests.dev_e2e.test_fest.TestFest" name="test_share_list" time="76.412" /><testcase classname="tests.dev_e2e.test_fest.TestFest" name="test_update_shared_tasks" time="64.387" /><testcase classname="tests.dev_e2e.test_fest.TestFest" name="test_unshare_list" time="84.242" /><testcase classname="tests.dev_e2e.test_query_consistency.TestQueryConsistency" name="test_query_docids" time="108.387" /><testcase classname="tests.dev_e2e.test_query_consistency.TestQueryConsistency" name="test_any_operator" time="5.675" /><testcase classname="tests.dev_e2e.test_query_consistency.TestQueryConsistency" name="test_select_star[airline_10]" time="0.019" /><testcase classname="tests.dev_e2e.test_query_consistency.TestQueryConsistency" name="test_select_star[doc_id_does_not_exist]" time="0.033" /><testcase classname="tests.dev_e2e.test_query_consistency.TestQueryConsistency" name="test_limit_offset[5-5]" time="0.051" /><testcase classname="tests.dev_e2e.test_query_consistency.TestQueryConsistency" name="test_limit_offset[-5--5]" time="0.048" /><testcase classname="tests.dev_e2e.test_query_consistency.TestQueryConsistency" name="test_query_where_and_or" time="5.555" /><testcase classname="tests.dev_e2e.test_query_consistency.TestQueryConsistency" name="test_multiple_selects" time="0.057" /><testcase classname="tests.dev_e2e.test_query_consistency.TestQueryConsistency" name="test_query_pattern_like[Royal Engineers Museum]" time="5.628" /><testcase classname="tests.dev_e2e.test_query_consistency.TestQueryConsistency" name="test_query_pattern_like[Royal engineers museum]" time="0.057" /><testcase classname="tests.dev_e2e.test_query_consistency.TestQueryConsistency" name="test_query_pattern_like[eng%e%]" time="0.045" /><testcase classname="tests.dev_e2e.test_query_consistency.TestQueryConsistency" name="test_query_pattern_like[Eng%e%]" time="0.043" /><testcase classname="tests.dev_e2e.test_query_consistency.TestQueryConsistency" name="test_query_pattern_like[%eng____r%]" time="0.059" /><testcase classname="tests.dev_e2e.test_query_consistency.TestQueryConsistency" name="test_query_pattern_like[%Eng____r%]" time="0.048" /><testcase classname="tests.dev_e2e.test_query_consistency.TestQueryConsistency" name="test_query_pattern_regex[\\bEng.*e\\b]" time="0.048" /><testcase classname="tests.dev_e2e.test_query_consistency.TestQueryConsistency" name="test_query_pattern_regex[\\beng.*e\\b]" time="0.046" /><testcase classname="tests.dev_e2e.test_query_consistency.TestQueryConsistency" name="test_query_is_not_valued" time="0.052" /><testcase classname="tests.dev_e2e.test_query_consistency.TestQueryConsistency" name="test_query_ordering" time="0.052" /><testcase classname="tests.dev_e2e.test_query_consistency.TestQueryConsistency" name="test_query_substring" time="0.051" /><testcase classname="tests.dev_e2e.test_query_consistency.TestQueryConsistency" name="test_query_join" time="0.082" /><testcase classname="tests.dev_e2e.test_query_consistency.TestQueryConsistency" name="test_query_inner_join" time="0.353" /><testcase classname="tests.dev_e2e.test_query_consistency.TestQueryConsistency" name="test_query_left_join[LEFT JOIN]" time="0.055" /><testcase classname="tests.dev_e2e.test_query_consistency.TestQueryConsistency" name="test_query_left_join[LEFT OUTER JOIN]" time="0.061" /><testcase classname="tests.dev_e2e.test_query_consistency.TestQueryConsistency" name="test_equality[=]" time="5.549" /><testcase classname="tests.dev_e2e.test_query_consistency.TestQueryConsistency" name="test_equality[!=]" time="0.054" /><testcase classname="tests.dev_e2e.test_query_consistency.TestQueryConsistency" name="test_comparison[&gt;]" time="0.048" /><testcase classname="tests.dev_e2e.test_query_consistency.TestQueryConsistency" name="test_comparison[&gt;=]" time="0.061" /><testcase classname="tests.dev_e2e.test_query_consistency.TestQueryConsistency" name="test_comparison[&lt;]" time="0.048" /><testcase classname="tests.dev_e2e.test_query_consistency.TestQueryConsistency" name="test_comparison[&lt;=]" time="0.041" /><testcase classname="tests.dev_e2e.test_query_consistency.TestQueryConsistency" name="test_in" time="0.070" /><testcase classname="tests.dev_e2e.test_query_consistency.TestQueryConsistency" name="test_between[BETWEEN]" time="0.032" /><testcase classname="tests.dev_e2e.test_query_consistency.TestQueryConsistency" name="test_between[NOT BETWEEN]" time="0.064" /><testcase classname="tests.dev_e2e.test_query_consistency.TestQueryConsistency" name="test_same[IS]" time="0.038" /><testcase classname="tests.dev_e2e.test_query_consistency.TestQueryConsistency" name="test_same[IS NOT]" time="0.052" /><testcase classname="tests.dev_e2e.test_replication_auto_purge.TestReplicationAutoPurge" name="test_remove_docs_from_channel_with_auto_purge_enabled" time="25.313" /><testcase classname="tests.dev_e2e.test_replication_auto_purge.TestReplicationAutoPurge" name="test_revoke_access_with_auto_purge_enabled" time="25.212" /><testcase classname="tests.dev_e2e.test_replication_auto_purge.TestReplicationAutoPurge" name="test_remove_docs_from_channel_with_auto_purge_disabled" time="24.259" /><testcase classname="tests.dev_e2e.test_replication_auto_purge.TestReplicationAutoPurge" name="test_revoke_access_with_auto_purge_disabled" time="24.063" /><testcase classname="tests.dev_e2e.test_replication_auto_purge.TestReplicationAutoPurge" name="test_filter_removed_access_documents" time="27.240" /><testcase classname="tests.dev_e2e.test_replication_auto_purge.TestReplicationAutoPurge" name="test_remove_user_from_role[True]" time="23.827" /><testcase classname="tests.dev_e2e.test_replication_auto_purge.TestReplicationAutoPurge" name="test_remove_user_from_role[False]" time="24.252" /><testcase classname="tests.dev_e2e.test_replication_auto_purge.TestReplicationAutoPurge" name="test_remove_role_from_channel[True]" time="23.878" /><testcase classname="tests.dev_e2e.test_replication_auto_purge.TestReplicationAutoPurge" name="test_remove_role_from_channel[False]" time="24.262" /><testcase classname="tests.dev_e2e.test_replication_auto_purge.TestReplicationAutoPurge" name="test_pull_after_restore_access" time="27.659" /><testcase classname="tests.dev_e2e.test_replication_auto_purge.TestReplicationAutoPurge" name="test_push_after_remove_access" time="25.591" /><testcase classname="tests.dev_e2e.test_replication_auto_purge.TestReplicationAutoPurge" name="test_auto_purge_after_resurrection[delete]" time="26.704" /><testcase classname="tests.dev_e2e.test_replication_auto_purge.TestReplicationAutoPurge" name="test_auto_purge_after_resurrection[purge]" time="29.197" /><testcase classname="tests.dev_e2e.test_replication_behavior.TestReplicationBehavior" name="test_pull_empty_database_active_only" time="12.239" /><testcase classname="tests.dev_e2e.test_replication_blob.TestReplicationBlob" name="test_pull_non_blob_changes_with_delta_sync_and_compact" time="84.010" /><testcase classname="tests.dev_e2e.test_replication_blob.TestReplicationBlob" name="test_blob_replication" time="13.034" /><testcase classname="tests.dev_e2e.test_replication_filter.TestReplicationFilter" name="test_push_document_ids_filter" time="66.019" /><testcase classname="tests.dev_e2e.test_replication_filter.TestReplicationFilter" name="test_pull_document_ids_filter" time="60.542" /><testcase classname="tests.dev_e2e.test_replication_filter.TestReplicationFilter" name="test_pull_channels_filter" time="66.200" /><testcase classname="tests.dev_e2e.test_replication_filter.TestReplicationFilter" name="test_replicate_public_channel" time="16.015" /><testcase classname="tests.dev_e2e.test_replication_filter.TestReplicationFilter" name="test_custom_push_filter" time="14.052" /><testcase classname="tests.dev_e2e.test_replication_filter.TestReplicationFilter" name="test_custom_pull_filter" time="15.663" /><testcase classname="tests.dev_e2e.test_replication_upgrade.TestReplicationUpgrade" name="test_nonconflict_case_1" time="0.001"><skipped type="pytest.skip" message="CBL 1.0.0 not &gt;= 4.0.0">/Users/jayant.dhingra/Desktop/couchbase-lite-tests/client/src/cbltest/api/cbltestclass.py:48: CBL 1.0.0 not &gt;= 4.0.0</skipped></testcase><testcase classname="tests.dev_e2e.test_replication_upgrade.TestReplicationUpgrade" name="test_nonconflict_case_2" time="0.000"><skipped type="pytest.skip" message="CBL 1.0.0 not &gt;= 4.0.0">/Users/jayant.dhingra/Desktop/couchbase-lite-tests/client/src/cbltest/api/cbltestclass.py:48: CBL 1.0.0 not &gt;= 4.0.0</skipped></testcase><testcase classname="tests.dev_e2e.test_replication_upgrade.TestReplicationUpgrade" name="test_nonconflict_case_3" time="0.000"><skipped type="pytest.skip" message="CBL 1.0.0 not &gt;= 4.0.0">/Users/jayant.dhingra/Desktop/couchbase-lite-tests/client/src/cbltest/api/cbltestclass.py:48: CBL 1.0.0 not &gt;= 4.0.0</skipped></testcase><testcase classname="tests.dev_e2e.test_replication_upgrade.TestReplicationUpgrade" name="test_nonconflict_case_4" time="0.000"><skipped type="pytest.skip" message="CBL 1.0.0 not &gt;= 4.0.0">/Users/jayant.dhingra/Desktop/couchbase-lite-tests/client/src/cbltest/api/cbltestclass.py:48: CBL 1.0.0 not &gt;= 4.0.0</skipped></testcase><testcase classname="tests.dev_e2e.test_replication_upgrade.TestReplicationUpgrade" name="test_nonconflict_case_5" time="0.000"><skipped type="pytest.skip" message="CBL 1.0.0 not &gt;= 4.0.0">/Users/jayant.dhingra/Desktop/couchbase-lite-tests/client/src/cbltest/api/cbltestclass.py:48: CBL 1.0.0 not &gt;= 4.0.0</skipped></testcase><testcase classname="tests.dev_e2e.test_replication_upgrade.TestReplicationUpgrade" name="test_nonconflict_case_6" time="0.000"><skipped type="pytest.skip" message="CBL 1.0.0 not &gt;= 4.0.0">/Users/jayant.dhingra/Desktop/couchbase-lite-tests/client/src/cbltest/api/cbltestclass.py:48: CBL 1.0.0 not &gt;= 4.0.0</skipped></testcase><testcase classname="tests.dev_e2e.test_replication_upgrade.TestReplicationUpgrade" name="test_conflict_case_1" time="0.000"><skipped type="pytest.skip" message="CBL 1.0.0 not &gt;= 4.0.0">/Users/jayant.dhingra/Desktop/couchbase-lite-tests/client/src/cbltest/api/cbltestclass.py:48: CBL 1.0.0 not &gt;= 4.0.0</skipped></testcase><testcase classname="tests.dev_e2e.test_replication_upgrade.TestReplicationUpgrade" name="test_conflict_case_2" time="0.001"><skipped type="pytest.skip" message="CBL 1.0.0 not &gt;= 4.0.0">/Users/jayant.dhingra/Desktop/couchbase-lite-tests/client/src/cbltest/api/cbltestclass.py:48: CBL 1.0.0 not &gt;= 4.0.0</skipped></testcase><testcase classname="tests.dev_e2e.test_replication_upgrade.TestReplicationUpgrade" name="test_conflict_case_3" time="0.001"><skipped type="pytest.skip" message="CBL 1.0.0 not &gt;= 4.0.0">/Users/jayant.dhingra/Desktop/couchbase-lite-tests/client/src/cbltest/api/cbltestclass.py:48: CBL 1.0.0 not &gt;= 4.0.0</skipped></testcase><testcase classname="tests.dev_e2e.test_replication_upgrade.TestReplicationUpgrade" name="test_conflict_case_4" time="0.001"><skipped type="pytest.skip" message="CBL 1.0.0 not &gt;= 4.0.0">/Users/jayant.dhingra/Desktop/couchbase-lite-tests/client/src/cbltest/api/cbltestclass.py:48: CBL 1.0.0 not &gt;= 4.0.0</skipped></testcase><testcase classname="tests.dev_e2e.test_replication_upgrade.TestReplicationUpgrade" name="test_conflict_case_5" time="0.000"><skipped type="pytest.skip" message="CBL 1.0.0 not &gt;= 4.0.0">/Users/jayant.dhingra/Desktop/couchbase-lite-tests/client/src/cbltest/api/cbltestclass.py:48: CBL 1.0.0 not &gt;= 4.0.0</skipped></testcase><testcase classname="tests.dev_e2e.test_replication_upgrade.TestReplicationUpgrade" name="test_conflict_case_6" time="0.000"><skipped type="pytest.skip" message="CBL 1.0.0 not &gt;= 4.0.0">/Users/jayant.dhingra/Desktop/couchbase-lite-tests/client/src/cbltest/api/cbltestclass.py:48: CBL 1.0.0 not &gt;= 4.0.0</skipped></testcase><testcase classname="tests.dev_e2e.test_replication_upgrade.TestReplicationUpgrade" name="test_conflict_case_7" time="0.000"><skipped type="pytest.skip" message="CBL 1.0.0 not &gt;= 4.0.0">/Users/jayant.dhingra/Desktop/couchbase-lite-tests/client/src/cbltest/api/cbltestclass.py:48: CBL 1.0.0 not &gt;= 4.0.0</skipped></testcase><testcase classname="tests.dev_e2e.test_replication_xdcr.TestReplicationXdcr" name="test_push_and_pull_with_xdcr" time="0.000"><skipped type="pytest.skip" message="Insufficient Sync Gateways">/Users/jayant.dhingra/Desktop/couchbase-lite-tests/client/src/cbltest/plugins/required_topology.py:67: Insufficient Sync Gateways</skipped></testcase><testcase classname="tests.dev_e2e.test_replication_xdcr.TestReplicationXdcr" name="test_fail_over" time="0.001"><skipped type="pytest.skip" message="Insufficient Sync Gateways">/Users/jayant.dhingra/Desktop/couchbase-lite-tests/client/src/cbltest/plugins/required_topology.py:67: Insufficient Sync Gateways</skipped></testcase></testsuite></testsuites>